This is pdfTeX, Version 3.141592653-2.6-1.40.26 (MiKTeX 24.4) (preloaded format=pdflatex 2024.8.29)  8 SEP 2024 19:04
entering extended mode
 restricted \write18 enabled.
 %&-line parsing enabled.
**"./Random subset - mathematical theory.tex"
(Random subset - mathematical theory.tex
LaTeX2e <2024-06-01> patch level 2
L3 programming layer <2024-07-20>
(C:\Program Files\MiKTeX 2.9\tex/latex/base\article.cls
Document Class: article 2024/02/08 v1.4n Standard LaTeX document class
(C:\Program Files\MiKTeX 2.9\tex/latex/base\size10.clo
File: size10.clo 2024/02/08 v1.4n Standard LaTeX file (size option)
)
\c@part=\count194
\c@section=\count195
\c@subsection=\count196
\c@subsubsection=\count197
\c@paragraph=\count198
\c@subparagraph=\count199
\c@figure=\count266
\c@table=\count267
\abovecaptionskip=\skip49
\belowcaptionskip=\skip50
\bibindent=\dimen141
) (_-Init/packages.tex
(C:\Program Files\MiKTeX 2.9\tex/latex/base\fontenc.sty
Package: fontenc 2021/04/29 v2.0v Standard LaTeX package
) (C:\Program Files\MiKTeX 2.9\tex/latex/base\inputenc.sty
Package: inputenc 2024/02/08 v1.3d Input encoding file
\inpenc@prehook=\toks17
\inpenc@posthook=\toks18
)
(C:\Program Files\MiKTeX 2.9\tex/latex/amsfonts\amsfonts.sty
Package: amsfonts 2013/01/14 v3.01 Basic AMSFonts support
\@emptytoks=\toks19
\symAMSa=\mathgroup4
\symAMSb=\mathgroup5
LaTeX Font Info:    Redeclaring math symbol \hbar on input line 98.
LaTeX Font Info:    Overwriting math alphabet `\mathfrak' in version `bold'
(Font)                  U/euf/m/n --> U/euf/b/n on input line 106.
) (C:\Program Files\MiKTeX 2.9\tex/latex/amsmath\amsmath.sty
Package: amsmath 2024/05/23 v2.17q AMS math features
\@mathmargin=\skip51
For additional information on amsmath, use the `?' option.
(C:\Program Files\MiKTeX 2.9\tex/latex/amsmath\amstext.sty
Package: amstext 2021/08/26 v2.01 AMS text
 (C:\Program Files\MiKTeX 2.9\tex/latex/amsmath\amsgen.sty
File: amsgen.sty 1999/11/30 v2.0 generic functions
\@emptytoks=\toks20
\ex@=\dimen142
))
(C:\Program Files\MiKTeX 2.9\tex/latex/amsmath\amsbsy.sty
Package: amsbsy 1999/11/29 v1.2d Bold Symbols
\pmbraise@=\dimen143
) (C:\Program Files\MiKTeX 2.9\tex/latex/amsmath\amsopn.sty
Package: amsopn 2022/04/08 v2.04 operator names
)
\inf@bad=\count268
LaTeX Info: Redefining \frac on input line 233.
\uproot@=\count269
\leftroot@=\count270
LaTeX Info: Redefining \overline on input line 398.
LaTeX Info: Redefining \colon on input line 409.
\classnum@=\count271
\DOTSCASE@=\count272
LaTeX Info: Redefining \ldots on input line 495.
LaTeX Info: Redefining \dots on input line 498.
LaTeX Info: Redefining \cdots on input line 619.
\Mathstrutbox@=\box52
\strutbox@=\box53
LaTeX Info: Redefining \big on input line 721.
LaTeX Info: Redefining \Big on input line 722.
LaTeX Info: Redefining \bigg on input line 723.
LaTeX Info: Redefining \Bigg on input line 724.
\big@size=\dimen144
LaTeX Font Info:    Redeclaring font encoding OML on input line 742.
LaTeX Font Info:    Redeclaring font encoding OMS on input line 743.
\macc@depth=\count273
LaTeX Info: Redefining \bmod on input line 904.
LaTeX Info: Redefining \pmod on input line 909.
LaTeX Info: Redefining \smash on input line 939.
LaTeX Info: Redefining \relbar on input line 969.
LaTeX Info: Redefining \Relbar on input line 970.
\c@MaxMatrixCols=\count274
\dotsspace@=\muskip17
\c@parentequation=\count275
\dspbrk@lvl=\count276
\tag@help=\toks21
\row@=\count277
\column@=\count278
\maxfields@=\count279
\andhelp@=\toks22
\eqnshift@=\dimen145
\alignsep@=\dimen146
\tagshift@=\dimen147
\tagwidth@=\dimen148
\totwidth@=\dimen149
\lineht@=\dimen150
\@envbody=\toks23
\multlinegap=\skip52
\multlinetaggap=\skip53
\mathdisplay@stack=\toks24
LaTeX Info: Redefining \[ on input line 2953.
LaTeX Info: Redefining \] on input line 2954.
)
(C:\Program Files\MiKTeX 2.9\tex/latex/amsfonts\amssymb.sty
Package: amssymb 2013/01/14 v3.01 AMS font symbols
)
(C:\Program Files\MiKTeX 2.9\tex/latex/titlesec\titlesec.sty
Package: titlesec 2023/10/27 v2.16 Sectioning titles
\ttl@box=\box54
\beforetitleunit=\skip54
\aftertitleunit=\skip55
\ttl@plus=\dimen151
\ttl@minus=\dimen152
\ttl@toksa=\toks25
\titlewidth=\dimen153
\titlewidthlast=\dimen154
\titlewidthfirst=\dimen155
)
(C:\Program Files\MiKTeX 2.9\tex/latex/hyperref\hyperref.sty
Package: hyperref 2024-07-10 v7.01j Hypertext links for LaTeX
 (C:\Program Files\MiKTeX 2.9\tex/generic/iftex\iftex.sty
Package: iftex 2022/02/03 v1.0f TeX engine tests
)
(C:\Program Files\MiKTeX 2.9\tex/latex/graphics\keyval.sty
Package: keyval 2022/05/29 v1.15 key=value parser (DPC)
\KV@toks@=\toks26
)
(C:\Program Files\MiKTeX 2.9\tex/latex/kvsetkeys\kvsetkeys.sty
Package: kvsetkeys 2022-10-05 v1.19 Key value parser (HO)
)
(C:\Program Files\MiKTeX 2.9\tex/generic/kvdefinekeys\kvdefinekeys.sty
Package: kvdefinekeys 2019-12-19 v1.6 Define keys (HO)
)
(C:\Program Files\MiKTeX 2.9\tex/generic/pdfescape\pdfescape.sty
Package: pdfescape 2019/12/09 v1.15 Implements pdfTeX's escape features (HO)

(C:\Program Files\MiKTeX 2.9\tex/generic/ltxcmds\ltxcmds.sty
Package: ltxcmds 2023-12-04 v1.26 LaTeX kernel commands for general use (HO)
)
(C:\Program Files\MiKTeX 2.9\tex/generic/pdftexcmds\pdftexcmds.sty
Package: pdftexcmds 2020-06-27 v0.33 Utility functions of pdfTeX for LuaTeX (HO)

(C:\Program Files\MiKTeX 2.9\tex/generic/infwarerr\infwarerr.sty
Package: infwarerr 2019/12/03 v1.5 Providing info/warning/error messages (HO)
)
Package pdftexcmds Info: \pdf@primitive is available.
Package pdftexcmds Info: \pdf@ifprimitive is available.
Package pdftexcmds Info: \pdfdraftmode found.
))
(C:\Program Files\MiKTeX 2.9\tex/latex/hycolor\hycolor.sty
Package: hycolor 2020-01-27 v1.10 Color options for hyperref/bookmark (HO)
) (C:\Program Files\MiKTeX 2.9\tex/latex/hyperref\nameref.sty
Package: nameref 2023-11-26 v2.56 Cross-referencing by name of section

(C:\Program Files\MiKTeX 2.9\tex/latex/refcount\refcount.sty
Package: refcount 2019/12/15 v3.6 Data extraction from label references (HO)
)
(C:\Program Files\MiKTeX 2.9\tex/generic/gettitlestring\gettitlestring.sty
Package: gettitlestring 2019/12/15 v1.6 Cleanup title references (HO)

(C:\Program Files\MiKTeX 2.9\tex/latex/kvoptions\kvoptions.sty
Package: kvoptions 2022-06-15 v3.15 Key value format for package options (HO)
))
\c@section@level=\count280
)
(C:\Program Files\MiKTeX 2.9\tex/latex/etoolbox\etoolbox.sty
Package: etoolbox 2020/10/05 v2.5k e-TeX tools for LaTeX (JAW)
\etb@tempcnta=\count281
)
(C:\Program Files\MiKTeX 2.9\tex/generic/stringenc\stringenc.sty
Package: stringenc 2019/11/29 v1.12 Convert strings between diff. encodings (HO)
)
\@linkdim=\dimen156
\Hy@linkcounter=\count282
\Hy@pagecounter=\count283

(C:\Program Files\MiKTeX 2.9\tex/latex/hyperref\pd1enc.def
File: pd1enc.def 2024-07-10 v7.01j Hyperref: PDFDocEncoding definition (HO)
Now handling font encoding PD1 ...
... no UTF-8 mapping file for font encoding PD1
) (C:\Program Files\MiKTeX 2.9\tex/generic/intcalc\intcalc.sty
Package: intcalc 2019/12/15 v1.3 Expandable calculations with integers (HO)
)
\Hy@SavedSpaceFactor=\count284
 (C:\Program Files\MiKTeX 2.9\tex/latex/hyperref\puenc.def
File: puenc.def 2024-07-10 v7.01j Hyperref: PDF Unicode definition (HO)
Now handling font encoding PU ...
... no UTF-8 mapping file for font encoding PU
)
Package hyperref Info: Hyper figures OFF on input line 4157.
Package hyperref Info: Link nesting OFF on input line 4162.
Package hyperref Info: Hyper index ON on input line 4165.
Package hyperref Info: Plain pages OFF on input line 4172.
Package hyperref Info: Backreferencing OFF on input line 4177.
Package hyperref Info: Implicit mode ON; LaTeX internals redefined.
Package hyperref Info: Bookmarks ON on input line 4424.
\c@Hy@tempcnt=\count285
 (C:\Program Files\MiKTeX 2.9\tex/latex/url\url.sty
\Urlmuskip=\muskip18
Package: url 2013/09/16  ver 3.4  Verb mode for urls, etc.
)
LaTeX Info: Redefining \url on input line 4763.
\XeTeXLinkMargin=\dimen157

(C:\Program Files\MiKTeX 2.9\tex/generic/bitset\bitset.sty
Package: bitset 2019/12/09 v1.3 Handle bit-vector datatype (HO)

(C:\Program Files\MiKTeX 2.9\tex/generic/bigintcalc\bigintcalc.sty
Package: bigintcalc 2019/12/15 v1.5 Expandable calculations on big integers (HO)
))
\Fld@menulength=\count286
\Field@Width=\dimen158
\Fld@charsize=\dimen159
Package hyperref Info: Hyper figures OFF on input line 6042.
Package hyperref Info: Link nesting OFF on input line 6047.
Package hyperref Info: Hyper index ON on input line 6050.
Package hyperref Info: backreferencing OFF on input line 6057.
Package hyperref Info: Link coloring OFF on input line 6062.
Package hyperref Info: Link coloring with OCG OFF on input line 6067.
Package hyperref Info: PDF/A mode OFF on input line 6072.

(C:\Program Files\MiKTeX 2.9\tex/latex/base\atbegshi-ltx.sty
Package: atbegshi-ltx 2021/01/10 v1.0c Emulation of the original atbegshi
package with kernel methods
)
\Hy@abspage=\count287
\c@Item=\count288
\c@Hfootnote=\count289
)
Package hyperref Info: Driver (autodetected): hpdftex.

(C:\Program Files\MiKTeX 2.9\tex/latex/hyperref\hpdftex.def
File: hpdftex.def 2024-07-10 v7.01j Hyperref driver for pdfTeX

(C:\Program Files\MiKTeX 2.9\tex/latex/base\atveryend-ltx.sty
Package: atveryend-ltx 2020/08/19 v1.0a Emulation of the original atveryend package
with kernel methods
)
\Fld@listcount=\count290
\c@bookmark@seq@number=\count291

(C:\Program Files\MiKTeX 2.9\tex/latex/rerunfilecheck\rerunfilecheck.sty
Package: rerunfilecheck 2022-07-10 v1.10 Rerun checks for auxiliary files (HO)

(C:\Program Files\MiKTeX 2.9\tex/generic/uniquecounter\uniquecounter.sty
Package: uniquecounter 2019/12/15 v1.4 Provide unlimited unique counter (HO)
)
Package uniquecounter Info: New unique counter `rerunfilecheck' on input line 285.
)
\Hy@SectionHShift=\skip56
)
(C:\Program Files\MiKTeX 2.9\tex/latex/amscls\amsthm.sty
Package: amsthm 2020/05/29 v2.20.6
\thm@style=\toks27
\thm@bodyfont=\toks28
\thm@headfont=\toks29
\thm@notefont=\toks30
\thm@headpunct=\toks31
\thm@preskip=\skip57
\thm@postskip=\skip58
\thm@headsep=\skip59
\dth@everypar=\toks32
) (C:\Program Files\MiKTeX 2.9\tex/latex/stmaryrd\stmaryrd.sty
Package: stmaryrd 1994/03/03 St Mary's Road symbol package
\symstmry=\mathgroup6
LaTeX Font Info:    Overwriting symbol font `stmry' in version `bold'
(Font)                  U/stmry/m/n --> U/stmry/b/n on input line 89.
)
(C:\Program Files\MiKTeX 2.9\tex/latex/mathtools\mathtools.sty
Package: mathtools 2024/03/11 v1.30 mathematical typesetting tools
 (C:\Program Files\MiKTeX 2.9\tex/latex/tools\calc.sty
Package: calc 2023/07/08 v4.3 Infix arithmetic (KKT,FJ)
\calc@Acount=\count292
\calc@Bcount=\count293
\calc@Adimen=\dimen160
\calc@Bdimen=\dimen161
\calc@Askip=\skip60
\calc@Bskip=\skip61
LaTeX Info: Redefining \setlength on input line 80.
LaTeX Info: Redefining \addtolength on input line 81.
\calc@Ccount=\count294
\calc@Cskip=\skip62
)
(C:\Program Files\MiKTeX 2.9\tex/latex/mathtools\mhsetup.sty
Package: mhsetup 2021/03/18 v1.4 programming setup (MH)
)
\g_MT_multlinerow_int=\count295
\l_MT_multwidth_dim=\dimen162
\origjot=\skip63
\l_MT_shortvdotswithinadjustabove_dim=\dimen163
\l_MT_shortvdotswithinadjustbelow_dim=\dimen164
\l_MT_above_intertext_sep=\dimen165
\l_MT_below_intertext_sep=\dimen166
\l_MT_above_shortintertext_sep=\dimen167
\l_MT_below_shortintertext_sep=\dimen168
\xmathstrut@box=\box55
\xmathstrut@dim=\dimen169
)
(C:\Program Files\MiKTeX 2.9\tex/latex/geometry\geometry.sty
Package: geometry 2020/01/02 v5.9 Page Geometry
 (C:\Program Files\MiKTeX 2.9\tex/generic/iftex\ifvtex.sty
Package: ifvtex 2019/10/25 v1.7 ifvtex legacy package. Use iftex instead.
)
\Gm@cnth=\count296
\Gm@cntv=\count297
\c@Gm@tempcnt=\count298
\Gm@bindingoffset=\dimen170
\Gm@wd@mp=\dimen171
\Gm@odd@mp=\dimen172
\Gm@even@mp=\dimen173
\Gm@layoutwidth=\dimen174
\Gm@layoutheight=\dimen175
\Gm@layouthoffset=\dimen176
\Gm@layoutvoffset=\dimen177
\Gm@dimlist=\toks33

(C:\Program Files\MiKTeX 2.9\tex/latex/geometry\geometry.cfg))
(C:\Program Files\MiKTeX 2.9\tex/latex/physics\physics.sty
Package: physics 

(C:\Program Files\MiKTeX 2.9\tex/latex/l3packages/xparse\xparse.sty
(C:\Program Files\MiKTeX 2.9\tex/latex/l3kernel\expl3.sty
Package: expl3 2024-07-20 L3 programming layer (loader) 

(C:\Program Files\MiKTeX 2.9\tex/latex/l3backend\l3backend-pdftex.def
File: l3backend-pdftex.def 2024-05-08 L3 backend support: PDF output (pdfTeX)
\l__color_backend_stack_int=\count299
\l__pdf_internal_box=\box56
))
Package: xparse 2024-05-08 L3 Experimental document command parser
))
(C:\Program Files\MiKTeX 2.9\tex/latex/algorithms\algorithm.sty
Package: algorithm 2009/08/24 v0.1 Document Style `algorithm' - floating environment
 (C:\Program Files\MiKTeX 2.9\tex/latex/float\float.sty
Package: float 2001/11/08 v1.3d Float enhancements (AL)
\c@float@type=\count300
\float@exts=\toks34
\float@box=\box57
\@float@everytoks=\toks35
\@floatcapt=\box58
)
(C:\Program Files\MiKTeX 2.9\tex/latex/base\ifthen.sty
Package: ifthen 2024/03/16 v1.1e Standard LaTeX ifthen package (DPC)
)
\@float@every@algorithm=\toks36
\c@algorithm=\count301
)
(C:\Program Files\MiKTeX 2.9\tex/latex/algorithmicx\algpseudocode.sty
Package: algpseudocode 

(C:\Program Files\MiKTeX 2.9\tex/latex/algorithmicx\algorithmicx.sty
Package: algorithmicx 2005/04/27 v1.2 Algorithmicx

Document Style algorithmicx 1.2 - a greatly improved `algorithmic' style
\c@ALG@line=\count302
\c@ALG@rem=\count303
\c@ALG@nested=\count304
\ALG@tlm=\skip64
\ALG@thistlm=\skip65
\c@ALG@Lnr=\count305
\c@ALG@blocknr=\count306
\c@ALG@storecount=\count307
\c@ALG@tmpcounter=\count308
\ALG@tmplength=\skip66
)
Document Style - pseudocode environments for use with the `algorithmicx' style
)) (C:\Program Files\MiKTeX 2.9\tex/latex/cprotect\cprotect.sty
Package: cprotect 2011/01/27 v1.0e (Bruno Le Floch)

(C:\Program Files\MiKTeX 2.9\tex/latex/bigfoot\suffix.sty
Package: suffix 2006/07/15 1.5a Variant command support
)
\CPT@WriteOut=\write3
\c@CPT@WriteCount=\count309
\c@CPT@numB=\count310
\CPT@commandatend@toks=\toks37
) (_-Init/commands.tex
\c@theo=\count311
\c@prop=\count312
\c@lem=\count313
\c@defn=\count314
\c@exmp=\count315
\c@assum=\count316
) (_-Init/title.tex)
(Random subset - mathematical theory.aux)
\openout1 = `"Random subset - mathematical theory.aux"'.

LaTeX Font Info:    Checking defaults for OML/cmm/m/it on input line 7.
LaTeX Font Info:    ... okay on input line 7.
LaTeX Font Info:    Checking defaults for OMS/cmsy/m/n on input line 7.
LaTeX Font Info:    ... okay on input line 7.
LaTeX Font Info:    Checking defaults for OT1/cmr/m/n on input line 7.
LaTeX Font Info:    ... okay on input line 7.
LaTeX Font Info:    Checking defaults for T1/cmr/m/n on input line 7.
LaTeX Font Info:    ... okay on input line 7.
LaTeX Font Info:    Checking defaults for TS1/cmr/m/n on input line 7.
LaTeX Font Info:    ... okay on input line 7.
LaTeX Font Info:    Checking defaults for OMX/cmex/m/n on input line 7.
LaTeX Font Info:    ... okay on input line 7.
LaTeX Font Info:    Checking defaults for U/cmr/m/n on input line 7.
LaTeX Font Info:    ... okay on input line 7.
LaTeX Font Info:    Checking defaults for PD1/pdf/m/n on input line 7.
LaTeX Font Info:    ... okay on input line 7.
LaTeX Font Info:    Checking defaults for PU/pdf/m/n on input line 7.
LaTeX Font Info:    ... okay on input line 7.
Package hyperref Info: Link coloring OFF on input line 7.
 (Random subset - mathematical theory.out)
(Random subset - mathematical theory.out)
\@outlinefile=\write4
\openout4 = `"Random subset - mathematical theory.out"'.

 (C:\Program Files\MiKTeX 2.9\tex/latex/graphics\graphicx.sty
Package: graphicx 2021/09/16 v1.2d Enhanced LaTeX Graphics (DPC,SPQR)

(C:\Program Files\MiKTeX 2.9\tex/latex/graphics\graphics.sty
Package: graphics 2024/05/23 v1.4g Standard LaTeX Graphics (DPC,SPQR)
 (C:\Program Files\MiKTeX 2.9\tex/latex/graphics\trig.sty
Package: trig 2023/12/02 v1.11 sin cos tan (DPC)
)
(C:\Program Files\MiKTeX 2.9\tex/latex/graphics-cfg\graphics.cfg
File: graphics.cfg 2016/06/04 v1.11 sample graphics configuration
)
Package graphics Info: Driver file: pdftex.def on input line 106.

(C:\Program Files\MiKTeX 2.9\tex/latex/graphics-def\pdftex.def
File: pdftex.def 2024/04/13 v1.2c Graphics/color driver for pdftex

(C:\Program Files\MiKTeX 2.9\tex/context/base/mkii\supp-pdf.mkii
[Loading MPS to PDF converter (version 2006.09.02).]
\scratchcounter=\count317
\scratchdimen=\dimen178
\scratchbox=\box59
\nofMPsegments=\count318
\nofMParguments=\count319
\everyMPshowfont=\toks38
\MPscratchCnt=\count320
\MPscratchDim=\dimen179
\MPnumerator=\count321
\makeMPintoPDFobject=\count322
\everyMPtoPDFconversion=\toks39
))) (C:\Program Files\MiKTeX 2.9\tex/latex/epstopdf-pkg\epstopdf-base.sty
Package: epstopdf-base 2020-01-24 v2.11 Base part for package epstopdf
Package epstopdf-base Info: Redefining graphics rule for `.eps' on input line 485.

(C:\Program Files\MiKTeX 2.9\tex/latex/00miktex\epstopdf-sys.cfg
File: epstopdf-sys.cfg 2021/03/18 v2.0 Configuration of epstopdf for MiKTeX
))
\Gin@req@height=\dimen180
\Gin@req@width=\dimen181
)
*geometry* driver: auto-detecting
*geometry* detected driver: pdftex
*geometry* verbose mode - [ preamble ] result:
* driver: pdftex
* paper: a4paper
* layout: <same size as paper>
* layoutoffset:(h,v)=(0.0pt,0.0pt)
* modes: 
* h-part:(L,W,R)=(56.90552pt, 483.69684pt, 56.90552pt)
* v-part:(T,H,B)=(42.67912pt, 745.46222pt, 56.9055pt)
* \paperwidth=597.50787pt
* \paperheight=845.04684pt
* \textwidth=483.69684pt
* \textheight=745.46222pt
* \oddsidemargin=-15.36447pt
* \evensidemargin=-15.36447pt
* \topmargin=-66.59087pt
* \headheight=12.0pt
* \headsep=25.0pt
* \topskip=10.0pt
* \footskip=30.0pt
* \marginparwidth=65.0pt
* \marginparsep=11.0pt
* \columnsep=10.0pt
* \skip\footins=9.0pt plus 4.0pt minus 2.0pt
* \hoffset=0.0pt
* \voffset=0.0pt
* \mag=1000
* \@twocolumnfalse
* \@twosidefalse
* \@mparswitchfalse
* \@reversemarginfalse
* (1in=72.27pt=25.4mm, 1cm=28.453pt)

LaTeX Font Info:    Trying to load font information for U+msa on input line 10.
(C:\Program Files\MiKTeX 2.9\tex/latex/amsfonts\umsa.fd
File: umsa.fd 2013/01/14 v3.01 AMS symbols A
)
LaTeX Font Info:    Trying to load font information for U+msb on input line 10.
 (C:\Program Files\MiKTeX 2.9\tex/latex/amsfonts\umsb.fd
File: umsb.fd 2013/01/14 v3.01 AMS symbols B
)
LaTeX Font Info:    Trying to load font information for U+stmry on input line 10.

(C:\Program Files\MiKTeX 2.9\tex/latex/stmaryrd\ustmry.fd) (Random subset - mathematical theory.toc)
\tf@toc=\write5
\openout5 = `"Random subset - mathematical theory.toc"'.



[1

{C:/Users/alexl/AppData/Local/MiKTeX/2.9/fonts/map/pdftex/pdftex.map}] (A-Naive/_-naive.tex (A-Naive/1-Idea.tex)
(A-Naive/2-Description.tex
Package hyperref Info: bookmark level for unknown algorithm defaults to 0 on input line 2.
LaTeX Font Info:    Trying to load font information for T1+cmtt on input line 5.
 (C:\Program Files\MiKTeX 2.9\tex/latex/base\t1cmtt.fd
File: t1cmtt.fd 2023/04/13 v2.5m Standard LaTeX font definitions
)
\openout3 = `"Random subset - mathematical theory-1.cpt"'.


(Random subset - mathematical theory-1.cpt)
\openout3 = `"Random subset - mathematical theory-2.cpt"'.

 (Random subset - mathematical theory-2.cpt)) (A-Naive/3-Complexity.tex
Underfull \hbox (badness 10000) in paragraph at lines 8--10

 []


Underfull \hbox (badness 10000) in paragraph at lines 23--24

 []

))

[2]

[3] (B-Suggested/_-suggested.tex (B-Suggested/1-Idea.tex
Underfull \hbox (badness 10000) in paragraph at lines 2--3

 []

) (B-Suggested/2-Pdf.tex

Package hyperref Warning: Token not allowed in a PDF string (Unicode):
(hyperref)                removing `math shift' on input line 1.


Package hyperref Warning: Token not allowed in a PDF string (Unicode):
(hyperref)                removing `subscript' on input line 1.


Package hyperref Warning: Token not allowed in a PDF string (Unicode):
(hyperref)                removing `math shift' on input line 1.


Package hyperref Warning: Token not allowed in a PDF string (Unicode):
(hyperref)                removing `math shift' on input line 16.


Package hyperref Warning: Token not allowed in a PDF string (Unicode):
(hyperref)                removing `subscript' on input line 16.


Package hyperref Warning: Token not allowed in a PDF string (Unicode):
(hyperref)                removing `math shift' on input line 16.


Underfull \hbox (badness 10000) in paragraph at lines 18--19

 []



[4]

Package hyperref Warning: Token not allowed in a PDF string (Unicode):
(hyperref)                removing `math shift' on input line 38.


Package hyperref Warning: Token not allowed in a PDF string (Unicode):
(hyperref)                removing `subscript' on input line 38.


Package hyperref Warning: Token not allowed in a PDF string (Unicode):
(hyperref)                removing `math shift' on input line 38.


Underfull \hbox (badness 10000) in paragraph at lines 39--40

 []


Underfull \hbox (badness 10000) in paragraph at lines 54--55

 []



[5]

[6]
Underfull \hbox (badness 10000) in paragraph at lines 117--118

 []



[7]

Package hyperref Warning: Token not allowed in a PDF string (Unicode):
(hyperref)                removing `math shift' on input line 156.


Package hyperref Warning: Token not allowed in a PDF string (Unicode):
(hyperref)                removing `math shift' on input line 156.

) (B-Suggested/3-Description.tex) (B-Suggested/4-Complexity.tex

[8]))

[9] (Random subset - mathematical theory.aux)
 ***********
LaTeX2e <2024-06-01> patch level 2
L3 programming layer <2024-07-20>
 ***********
Package rerunfilecheck Info: File `"Random subset - mathematical theory".out' has not changed.
(rerunfilecheck)             Checksum: 3277E6CB51C71E190718475D82517188;3481.
 ) 
Here is how much of TeX's memory you used:
 13371 strings out of 473864
 204397 string characters out of 5733104
 1941960 words of memory out of 5000000
 35974 multiletter control sequences out of 15000+600000
 577330 words of font info for 89 fonts, out of 8000000 for 9000
 1141 hyphenation exceptions out of 8191
 84i,10n,96p,576b,771s stack positions out of 10000i,1000n,20000p,200000b,200000s
 <C:\Users\alexl\AppData\Local\MiKTeX\2.9\fonts/pk/ljfour/jknappen/ec/dpi600\ecti1200.pk> <C:\Users\alexl\AppData\Loca
l\MiKTeX\2.9\fonts/pk/ljfour/jknappen/ec/dpi600\ectt1000.pk> <C:\Users\alexl\AppData\Local\MiKTeX\2.9\fonts/pk/ljfour/jk
nappen/ec/dpi600\ecti1000.pk> <C:\Users\alexl\AppData\Local\MiKTeX\2.9\fonts/pk/ljfour/jknappen/ec/dpi600\ecrm0800.pk> <
C:\Users\alexl\AppData\Local\MiKTeX\2.9\fonts/pk/ljfour/jknappen/ec/dpi600\eccc1440.pk> <C:\Users\alexl\AppData\Local\Mi
KTeX\2.9\fonts/pk/ljfour/jknappen/ec/dpi600\ecrm1000.pk> <C:\Users\alexl\AppData\Local\MiKTeX\2.9\fonts/pk/ljfour/jknapp
en/ec/dpi600\ecbx1000.pk> <C:\Users\alexl\AppData\Local\MiKTeX\2.9\fonts/pk/ljfour/jknappen/ec/dpi600\ecbx1440.pk> <C:\U
sers\alexl\AppData\Local\MiKTeX\2.9\fonts/pk/ljfour/jknappen/ec/dpi600\ecrm1200.pk> <C:\Users\alexl\AppData\Local\MiKTeX
\2.9\fonts/pk/ljfour/jknappen/ec/dpi600\ecrm1728.pk><C:/Program Files/MiKTeX 2.9/fonts/type1/public/amsfonts/cm/cmex10.p
fb><C:/Program Files/MiKTeX 2.9/fonts/type1/public/amsfonts/cm/cmmi10.pfb><C:/Program Files/MiKTeX 2.9/fonts/type1/publi
c/amsfonts/cm/cmmi12.pfb><C:/Program Files/MiKTeX 2.9/fonts/type1/public/amsfonts/cm/cmmi5.pfb><C:/Program Files/MiKTeX 
2.9/fonts/type1/public/amsfonts/cm/cmmi7.pfb><C:/Program Files/MiKTeX 2.9/fonts/type1/public/amsfonts/cm/cmmi8.pfb><C:/P
rogram Files/MiKTeX 2.9/fonts/type1/public/amsfonts/cm/cmr10.pfb><C:/Program Files/MiKTeX 2.9/fonts/type1/public/amsfont
s/cm/cmr5.pfb><C:/Program Files/MiKTeX 2.9/fonts/type1/public/amsfonts/cm/cmr7.pfb><C:/Program Files/MiKTeX 2.9/fonts/ty
pe1/public/amsfonts/cm/cmr8.pfb><C:/Program Files/MiKTeX 2.9/fonts/type1/public/amsfonts/cm/cmsy10.pfb><C:/Program Files
/MiKTeX 2.9/fonts/type1/public/amsfonts/cm/cmsy5.pfb><C:/Program Files/MiKTeX 2.9/fonts/type1/public/amsfonts/cm/cmsy7.p
fb><C:/Program Files/MiKTeX 2.9/fonts/type1/public/amsfonts/symbols/msam10.pfb><C:/Program Files/MiKTeX 2.9/fonts/type1/
public/amsfonts/symbols/msbm10.pfb><C:/Program Files/MiKTeX 2.9/fonts/type1/public/hoekwater/stmary10.pfb><C:/Program Fi
les/MiKTeX 2.9/fonts/type1/public/hoekwater/stmary7.pfb>
Output written on "Random subset - mathematical theory.pdf" (9 pages, 294526 bytes).
PDF statistics:
 596 PDF objects out of 1000 (max. 8388607)
 39 named destinations out of 1000 (max. 500000)
 217 words of extra memory for PDF output out of 10000 (max. 10000000)

