\BOOKMARK [1][-]{section.1}{\376\377\000N\000a\000i\000v\000e\000\040\000a\000l\000g\000o\000r\000i\000t\000h\000m}{}% 1
\BOOKMARK [2][-]{subsection.1.1}{\376\377\000M\000a\000i\000n\000\040\000i\000d\000e\000a}{section.1}% 2
\BOOKMARK [2][-]{subsection.1.2}{\376\377\000D\000e\000s\000c\000r\000i\000p\000t\000i\000o\000n}{section.1}% 3
\BOOKMARK [2][-]{subsection.1.3}{\376\377\000C\000o\000m\000p\000l\000e\000x\000i\000t\000y}{section.1}% 4
\BOOKMARK [3][-]{subsubsection.1.3.1}{\376\377\000S\000p\000a\000c\000e\000\040\000c\000o\000m\000p\000l\000e\000x\000i\000t\000y}{subsection.1.3}% 5
\BOOKMARK [3][-]{subsubsection.1.3.2}{\376\377\000T\000i\000m\000e\000\040\000c\000o\000m\000p\000l\000e\000x\000i\000t\000y}{subsection.1.3}% 6
\BOOKMARK [1][-]{section.2}{\376\377\000S\000u\000g\000g\000e\000s\000t\000e\000d\000\040\000a\000l\000g\000o\000r\000i\000t\000h\000m}{}% 7
\BOOKMARK [1][-]{section.3}{\376\377\000M\000a\000i\000n\000\040\000i\000d\000e\000a}{}% 8
\BOOKMARK [2][-]{subsection.3.1}{\376\377\000G\000e\000n\000e\000r\000a\000l\000\040\000I\000d\000e\000a}{section.3}% 9
\BOOKMARK [2][-]{subsection.3.2}{\376\377\000N\000o\000t\000a\000t\000i\000o\000n\000s}{section.3}% 10
\BOOKMARK [1][-]{section.4}{\376\377\000D\000i\000s\000t\000r\000i\000b\000u\000t\000i\000o\000n\000\040\000f\000u\000n\000c\000t\000i\000o\000n}{}% 11
\BOOKMARK [2][-]{subsection.4.1}{\376\377\000R\000a\000n\000g\000e\000\040\000o\000f\000\040\000D\000i}{section.4}% 12
\BOOKMARK [2][-]{subsection.4.2}{\376\377\000P\000r\000o\000b\000a\000b\000i\000l\000i\000t\000y\000\040\000d\000e\000n\000s\000i\000t\000y\000\040\000f\000u\000n\000c\000t\000i\000o\000n}{section.4}% 13
\BOOKMARK [3][-]{subsubsection.4.2.1}{\376\377\000D\0001}{subsection.4.2}% 14
\BOOKMARK [3][-]{subsubsection.4.2.2}{\376\377\000D\000i}{subsection.4.2}% 15
\BOOKMARK [3][-]{subsubsection.4.2.3}{\376\377\000V\000e\000r\000i\000f\000i\000c\000a\000t\000i\000o\000n}{subsection.4.2}% 16
\BOOKMARK [2][-]{subsection.4.3}{\376\377\000C\000u\000m\000u\000l\000a\000t\000i\000v\000e\000\040\000d\000i\000s\000t\000r\000i\000b\000u\000t\000i\000o\000n\000\040\000f\000u\000n\000c\000t\000i\000o\000n}{section.4}% 17
\BOOKMARK [2][-]{subsection.4.4}{\376\377\000C\000o\000m\000p\000u\000t\000a\000t\000i\000o\000n}{section.4}% 18
\BOOKMARK [3][-]{subsubsection.4.4.1}{\376\377\000N\000a\000i\000v\000e\000\040\000v\000e\000r\000s\000i\000o\000n}{subsection.4.4}% 19
\BOOKMARK [3][-]{subsubsection.4.4.2}{\376\377\000A\000c\000t\000u\000a\000l\000\040\000m\000e\000t\000h\000o\000d}{subsection.4.4}% 20
\BOOKMARK [3][-]{subsubsection.4.4.3}{\376\377\000R\000e\000w\000r\000i\000t\000i\000n\000g\000\040\000t\000h\000e\000\040\000c\000o\000n\000d\000i\000t\000i\000o\000n}{subsection.4.4}% 21
\BOOKMARK [3][-]{subsubsection.4.4.4}{\376\377\000A\000p\000p\000r\000o\000x\000i\000m\000a\000t\000i\000o\000n\000s}{subsection.4.4}% 22
\BOOKMARK [3][-]{subsubsection.4.4.5}{\376\377\000R\000e\000t\000r\000i\000e\000v\000e\000\040\000l}{subsection.4.4}% 23
\BOOKMARK [1][-]{section.5}{\376\377\000D\000e\000s\000c\000r\000i\000p\000t\000i\000o\000n}{}% 24
\BOOKMARK [1][-]{section.6}{\376\377\000C\000o\000m\000p\000l\000e\000x\000i\000t\000y}{}% 25
\BOOKMARK [2][-]{subsection.6.1}{\376\377\000S\000p\000a\000c\000e\000\040\000c\000o\000m\000p\000l\000e\000x\000i\000t\000y}{section.6}% 26
\BOOKMARK [2][-]{subsection.6.2}{\376\377\000T\000i\000m\000e\000\040\000c\000o\000m\000p\000l\000e\000x\000i\000t\000y}{section.6}% 27
